\BOOKMARK [0][-]{chapter.1}{Introduction}{}% 1
\BOOKMARK [1][-]{section.1.1}{foreword}{chapter.1}% 2
\BOOKMARK [1][-]{section.1.2}{phages Vs bacteria}{chapter.1}% 3
\BOOKMARK [0][-]{chapter.2}{Theories}{}% 4
\BOOKMARK [1][-]{section.2.1}{Biology}{chapter.2}% 5
\BOOKMARK [1][-]{section.2.2}{Bio-informatic}{chapter.2}% 6
\BOOKMARK [2][-]{subsection.2.2.1}{DNA sequencing}{section.2.2}% 7
\BOOKMARK [2][-]{subsection.2.2.2}{Phamily}{section.2.2}% 8
\BOOKMARK [2][-]{subsection.2.2.3}{Genbank}{section.2.2}% 9
\BOOKMARK [0][-]{chapter.3}{Methods}{}% 10
\BOOKMARK [1][-]{section.3.1}{Docker}{chapter.3}% 11
\BOOKMARK [2][-]{subsection.3.1.1}{Functionment}{section.3.1}% 12
\BOOKMARK [2][-]{subsection.3.1.2}{Docker-machine installation}{section.3.1}% 13
\BOOKMARK [2][-]{subsection.3.1.3}{Docker commands}{section.3.1}% 14
\BOOKMARK [2][-]{subsection.3.1.4}{Inphinity, build \046 run}{section.3.1}% 15
\BOOKMARK [1][-]{section.3.2}{Phamerator}{chapter.3}% 16
\BOOKMARK [2][-]{subsection.3.2.1}{Installation}{section.3.2}% 17
\BOOKMARK [2][-]{subsection.3.2.2}{How it's works}{section.3.2}% 18
\BOOKMARK [1][-]{section.3.3}{PhamDB}{chapter.3}% 19
\BOOKMARK [2][-]{subsection.3.3.1}{Installation \046 Run}{section.3.3}% 20
\BOOKMARK [2][-]{subsection.3.3.2}{Utilisation}{section.3.3}% 21
\BOOKMARK [1][-]{section.3.4}{Database \046 Dataset}{chapter.3}% 22
\BOOKMARK [1][-]{section.3.5}{Phamily}{chapter.3}% 23
\BOOKMARK [2][-]{subsection.3.5.1}{Introduction}{section.3.5}% 24
\BOOKMARK [2][-]{subsection.3.5.2}{Phages selection}{section.3.5}% 25
\BOOKMARK [2][-]{subsection.3.5.3}{Displaying results}{section.3.5}% 26
\BOOKMARK [2][-]{subsection.3.5.4}{Data completion}{section.3.5}% 27
\BOOKMARK [0][-]{chapter.4}{Results \046 Analyse}{}% 28
\BOOKMARK [1][-]{section.4.1}{First result}{chapter.4}% 29
\BOOKMARK [1][-]{section.4.2}{Database}{chapter.4}% 30
\BOOKMARK [2][-]{subsection.4.2.1}{SEA}{section.4.2}% 31
\BOOKMARK [1][-]{section.4.3}{Linking all together}{chapter.4}% 32
\BOOKMARK [0][-]{chapter.5}{Conclusion}{}% 33
\BOOKMARK [1][-]{section.5.1}{Problems encountered}{chapter.5}% 34
\BOOKMARK [2][-]{subsection.5.1.1}{Phamerator Installation}{section.5.1}% 35
\BOOKMARK [2][-]{subsection.5.1.2}{SEA database}{section.5.1}% 36
\BOOKMARK [2][-]{subsection.5.1.3}{PhamDB Limitation jobs}{section.5.1}% 37
\BOOKMARK [2][-]{subsection.5.1.4}{PhageDB.org}{section.5.1}% 38
\BOOKMARK [1][-]{section.5.2}{Perspectives}{chapter.5}% 39
\BOOKMARK [2][-]{subsection.5.2.1}{Database population}{section.5.2}% 40
\BOOKMARK [2][-]{subsection.5.2.2}{Resultats validation}{section.5.2}% 41
\BOOKMARK [2][-]{subsection.5.2.3}{Sub-tree selection}{section.5.2}% 42
\BOOKMARK [0][-]{figure.caption.28}{List of figures}{}% 43
\BOOKMARK [0][-]{chapter*.29}{References}{}% 44
\BOOKMARK [0][-]{chapter.8}{Annexes}{}% 45
