\BOOKMARK [0][-]{chapter.1}{Introduction}{}% 1
\BOOKMARK [0][-]{chapter.2}{State of the art}{}% 2
\BOOKMARK [1][-]{section.2.1}{Biology}{chapter.2}% 3
\BOOKMARK [1][-]{section.2.2}{Bio-informatic}{chapter.2}% 4
\BOOKMARK [0][-]{chapter.3}{Methods}{}% 5
\BOOKMARK [1][-]{section.3.1}{Docker}{chapter.3}% 6
\BOOKMARK [2][-]{subsection.3.1.1}{Docker-machine installation}{section.3.1}% 7
\BOOKMARK [2][-]{subsection.3.1.2}{Docker commands}{section.3.1}% 8
\BOOKMARK [2][-]{subsection.3.1.3}{Inphinity, build \046 run}{section.3.1}% 9
\BOOKMARK [1][-]{section.3.2}{Phamerator}{chapter.3}% 10
\BOOKMARK [2][-]{subsection.3.2.1}{Installation}{section.3.2}% 11
\BOOKMARK [2][-]{subsection.3.2.2}{How it's works}{section.3.2}% 12
\BOOKMARK [1][-]{section.3.3}{PhamDB}{chapter.3}% 13
\BOOKMARK [2][-]{subsection.3.3.1}{Installation \046 Run}{section.3.3}% 14
\BOOKMARK [2][-]{subsection.3.3.2}{Utilisation}{section.3.3}% 15
\BOOKMARK [1][-]{section.3.4}{Database \046 Dataset}{chapter.3}% 16
\BOOKMARK [1][-]{section.3.5}{Phamily}{chapter.3}% 17
\BOOKMARK [2][-]{subsection.3.5.1}{Alignment}{section.3.5}% 18
\BOOKMARK [2][-]{subsection.3.5.2}{Phages selection}{section.3.5}% 19
\BOOKMARK [2][-]{subsection.3.5.3}{Data completion}{section.3.5}% 20
\BOOKMARK [0][-]{chapter.4}{Results \046 Analyse}{}% 21
\BOOKMARK [1][-]{section.4.1}{First result}{chapter.4}% 22
\BOOKMARK [2][-]{subsection.4.1.1}{Tree}{section.4.1}% 23
\BOOKMARK [2][-]{subsection.4.1.2}{Hosts}{section.4.1}% 24
\BOOKMARK [1][-]{section.4.2}{Database}{chapter.4}% 25
\BOOKMARK [2][-]{subsection.4.2.1}{SEA}{section.4.2}% 26
\BOOKMARK [2][-]{subsection.4.2.2}{Phages list integration}{section.4.2}% 27
\BOOKMARK [0][-]{chapter.5}{Conclusion}{}% 28
\BOOKMARK [1][-]{section.5.1}{Problems encountered}{chapter.5}% 29
\BOOKMARK [2][-]{subsection.5.1.1}{Phamerator Installation}{section.5.1}% 30
\BOOKMARK [2][-]{subsection.5.1.2}{SEA database}{section.5.1}% 31
\BOOKMARK [2][-]{subsection.5.1.3}{PhamDB Limitation jobs}{section.5.1}% 32
\BOOKMARK [2][-]{subsection.5.1.4}{PhageDB.org}{section.5.1}% 33
\BOOKMARK [1][-]{section.5.2}{Perspectives}{chapter.5}% 34
\BOOKMARK [2][-]{subsection.5.2.1}{Database population}{section.5.2}% 35
\BOOKMARK [2][-]{subsection.5.2.2}{Resultats validation}{section.5.2}% 36
\BOOKMARK [2][-]{subsection.5.2.3}{Results by host}{section.5.2}% 37
\BOOKMARK [0][-]{chapter.6}{References}{}% 38
\BOOKMARK [0][-]{chapter.7}{Annexes}{}% 39
